fatal: unable to access 'c:\Users\jalbert"/.config/git/config': Invalid argument
fatal: unable to access 'c:\Users\jalbert"/.config/git/config': Invalid argument
    while executing
"exec {C:/Program Files (x86)/Git/libexec/git-core/git-config.exe} --global --add gui.recentrepo {F:/Mis Documentos/PhD/src/erlEA}"
    ("eval" body line 1)
    invoked from within
"eval exec $opt $cmdp $args"
    (procedure "git" line 23)
    invoked from within
"git config --global --add gui.recentrepo $path"
    (procedure "_append_recentrepos" line 16)
    invoked from within
"_append_recentrepos [pwd]"
    (procedure "choose_repository::_do_open2" line 12)
    invoked from within
"choose_repository::_do_open2 ::choose_repository::__o1::__d"
    invoked from within
".buttons.next invoke "
    invoked from within
".buttons.next instate !disabled { .buttons.next invoke } "
    invoked from within
".buttons.next instate pressed { .buttons.next state !pressed; .buttons.next instate !disabled { .buttons.next invoke } } "
    (command bound to event)